<?xml version="1.0" encoding="UTF-8"?>
<!-- Generated by org.testng.reporters.JUnitReportReporter -->
<testsuite hostname="PRO-CND1384QSX" failures="0" tests="2" name="testng.grouping.PaymentTests" time="0.003" errors="0" timestamp="2025-02-25T17:00:31 IST" skipped="0">
  <testcase classname="testng.grouping.PaymentTests" name="paymentinDollors" time="0.002"/>
  <system-out/>
  <testcase classname="testng.grouping.PaymentTests" name="paymentinRupees" time="0.001"/>
  <system-out/>
</testsuite> <!-- testng.grouping.PaymentTests -->
