<?xml version="1.0" encoding="UTF-8"?>
<!-- Generated by org.testng.reporters.JUnitReportReporter -->
<testsuite hostname="PRO-CND1384QSX" failures="0" tests="2" name="testng.Annotations" time="0.015" errors="0" timestamp="2025-01-03T16:26:58 IST" skipped="0">
  <testcase classname="testng.Annotations" name="search" time="0.010"/>
  <system-out/>
  <testcase classname="testng.Annotations" name="advsearch" time="0.005"/>
  <system-out/>
</testsuite> <!-- testng.Annotations -->
