<?xml version="1.0" encoding="UTF-8"?>
<!-- Generated by org.testng.reporters.JUnitReportReporter -->
<testsuite hostname="PRO-CND1384QSX" failures="0" tests="1" name="testng.FileUpload" time="4.435" errors="0" timestamp="2025-02-14T11:20:08 IST" skipped="0">
  <testcase classname="testng.FileUpload" name="initialization" time="4.435"/>
  <system-out/>
</testsuite> <!-- testng.FileUpload -->
