<?xml version="1.0" encoding="UTF-8"?>
<!-- Generated by org.testng.reporters.JUnitReportReporter -->
<testsuite hostname="PRO-CND1384QSX" failures="0" tests="3" name="testng.DataProviderTest" time="0.023" errors="0" timestamp="2025-02-10T16:38:54 IST" skipped="0">
  <testcase classname="testng.DataProviderTest" name="testMethod" time="0.002"/>
  <system-out/>
  <testcase classname="testng.DataProviderTest" name="testMethod" time="0.001"/>
  <system-out/>
  <testcase classname="testng.DataProviderTest" name="testMethod" time="0.020"/>
  <system-out/>
</testsuite> <!-- testng.DataProviderTest -->
