<?xml version="1.0" encoding="UTF-8"?>
<!-- Generated by org.testng.reporters.JUnitReportReporter -->
<testsuite hostname="PRO-CND1384QSX" failures="0" tests="3" name="testng.grouping.SignUpTests" time="0.003" errors="0" timestamp="2025-02-25T16:54:22 IST" skipped="0">
  <testcase classname="testng.grouping.SignUpTests" name="SignUpByEmail" time="0.001"/>
  <system-out/>
  <testcase classname="testng.grouping.SignUpTests" name="SignUpByFaceBook" time="0.001"/>
  <system-out/>
  <testcase classname="testng.grouping.SignUpTests" name="SignUpByTwitter" time="0.001"/>
  <system-out/>
</testsuite> <!-- testng.grouping.SignUpTests -->
