<?xml version="1.0" encoding="UTF-8"?>
<!-- Generated by org.testng.reporters.JUnitReportReporter -->
<testsuite hostname="PRO-CND1384QSX" failures="0" tests="2" name="testng.BeforeAndAfterclass" time="0.008" errors="0" timestamp="2025-01-03T16:33:50 IST" skipped="0">
  <testcase classname="testng.BeforeAndAfterclass" name="search" time="0.003"/>
  <system-out/>
  <testcase classname="testng.BeforeAndAfterclass" name="advsearch" time="0.005"/>
  <system-out/>
</testsuite> <!-- testng.BeforeAndAfterclass -->
