<?xml version="1.0" encoding="UTF-8"?>
<!-- Generated by org.testng.reporters.JUnitReportReporter -->
<testsuite hostname="PRO-CND1384QSX" failures="0" tests="3" name="testng.FirstTestCase" time="0.005" errors="0" timestamp="2025-01-02T21:18:00 IST" skipped="0">
  <testcase classname="testng.FirstTestCase" name="Openapp" time="0.001"/>
  <system-out/>
  <testcase classname="testng.FirstTestCase" name="Login" time="0.002"/>
  <system-out/>
  <testcase classname="testng.FirstTestCase" name="Logout" time="0.002"/>
  <system-out/>
</testsuite> <!-- testng.FirstTestCase -->
