<?xml version="1.0" encoding="UTF-8"?>
<!-- Generated by org.testng.reporters.JUnitReportReporter -->
<testsuite hostname="PRO-CND1384QSX" failures="0" tests="1" name="testng.HeadLessBrowseExample" time="10.749" errors="0" timestamp="2025-02-17T14:42:35 IST" skipped="0">
  <testcase classname="testng.HeadLessBrowseExample" name="headlessBrowser" time="10.749"/>
  <system-out/>
</testsuite> <!-- testng.HeadLessBrowseExample -->
