<?xml version="1.0" encoding="UTF-8"?>
<!-- Generated by org.testng.reporters.JUnitReportReporter -->
<testsuite hostname="PRO-CND1384QSX" failures="0" tests="3" name="testng.ParallelTest" time="16.905" errors="0" timestamp="2025-02-17T13:03:52 IST" skipped="0">
  <testcase classname="testng.ParallelTest" name="testLogin" time="4.261"/>
  <system-out/>
  <testcase classname="testng.ParallelTest" name="testLogin" time="6.388"/>
  <system-out/>
  <testcase classname="testng.ParallelTest" name="testLogin" time="6.256"/>
  <system-out/>
</testsuite> <!-- testng.ParallelTest -->
