<?xml version="1.0" encoding="UTF-8"?>
<!-- Generated by org.testng.reporters.JUnitReportReporter -->
<testsuite hostname="PRO-CND1384QSX" failures="0" tests="3" name="testng.FactoryA" time="0.014" errors="0" timestamp="2025-02-10T16:29:45 IST" skipped="0">
  <testcase classname="testng.FactoryA" name="testMethod" time="0.012"/>
  <system-out/>
  <testcase classname="testng.FactoryA" name="testMethod" time="0.001"/>
  <system-out/>
  <testcase classname="testng.FactoryA" name="testMethod" time="0.001"/>
  <system-out/>
</testsuite> <!-- testng.FactoryA -->
