<?xml version="1.0" encoding="UTF-8"?>
<!-- Generated by org.testng.reporters.JUnitReportReporter -->
<testsuite hostname="PRO-CND1384QSX" failures="0" tests="1" name="testCases.TC002_LoginTest" time="2.836" errors="0" timestamp="2025-02-28T14:27:30 IST" skipped="0">
  <testcase classname="testCases.TC002_LoginTest" name="verify_login" time="2.836"/>
</testsuite> <!-- testCases.TC002_LoginTest -->
