<?xml version="1.0" encoding="UTF-8"?>
<!-- Generated by org.testng.reporters.JUnitReportReporter -->
<testsuite hostname="PRO-CND1384QSX" failures="0" tests="6" name="testCases.TC003_LoginDDT" time="34.109" errors="0" timestamp="2025-02-24T18:06:07 IST" skipped="0">
  <testcase classname="testCases.TC003_LoginDDT" name="verify_login" time="2.388"/>
  <testcase classname="testCases.TC003_LoginDDT" name="verify_login" time="6.388"/>
  <testcase classname="testCases.TC003_LoginDDT" name="verify_login" time="6.135"/>
  <testcase classname="testCases.TC003_LoginDDT" name="verify_login" time="6.466"/>
  <testcase classname="testCases.TC003_LoginDDT" name="verify_login" time="6.352"/>
  <testcase classname="testCases.TC003_LoginDDT" name="verify_login" time="6.380"/>
</testsuite> <!-- testCases.TC003_LoginDDT -->
