<?xml version="1.0" encoding="UTF-8"?>
<!-- Generated by org.testng.reporters.JUnitReportReporter -->
<testsuite hostname="PROMSI61608" failures="0" tests="1" name="com.TDD.TestCases.Test2" time="21.164" errors="0" timestamp="2022-12-11T16:34:38 IST" skipped="0">
  <testcase classname="com.TDD.TestCases.Test2" name="invalidCredentials" time="21.164"/>
  <system-out/>
</testsuite> <!-- com.TDD.TestCases.Test2 -->
