<?xml version="1.0" encoding="UTF-8"?>
<!-- Generated by org.testng.reporters.JUnitReportReporter -->
<testsuite hostname="PRO-CND1384QSX" failures="0" tests="3" name="testng.DataProviderTest" time="0.008" errors="0" timestamp="2025-02-28T16:24:44 IST" skipped="0">
  <testcase classname="testng.DataProviderTest" name="testMethod" time="0.000"/>
  <testcase classname="testng.DataProviderTest" name="testMethod" time="0.008"/>
  <testcase classname="testng.DataProviderTest" name="testMethod" time="0.000"/>
</testsuite> <!-- testng.DataProviderTest -->
