<?xml version="1.0" encoding="UTF-8"?>
<!-- Generated by org.testng.reporters.JUnitReportReporter -->
<testsuite hostname="PRO-CND1384QSX" failures="0" tests="3" name="testng.grouping.SignUpTests" time="0.002" errors="0" timestamp="2025-02-28T16:24:44 IST" skipped="0">
  <testcase classname="testng.grouping.SignUpTests" name="SignUpByEmail" time="0.000"/>
  <testcase classname="testng.grouping.SignUpTests" name="SignUpByFaceBook" time="0.001"/>
  <testcase classname="testng.grouping.SignUpTests" name="SignUpByTwitter" time="0.001"/>
</testsuite> <!-- testng.grouping.SignUpTests -->
