<?xml version="1.0" encoding="UTF-8"?>
<!-- Generated by org.testng.reporters.JUnitReportReporter -->
<testsuite hostname="PRO-CND1384QSX" failures="0" tests="3" name="testng.FirstTestCase" time="0.003" errors="0" timestamp="2025-02-28T16:24:44 IST" skipped="0">
  <testcase classname="testng.FirstTestCase" name="Openapp" time="0.001"/>
  <testcase classname="testng.FirstTestCase" name="Login" time="0.001"/>
  <testcase classname="testng.FirstTestCase" name="Logout" time="0.001"/>
</testsuite> <!-- testng.FirstTestCase -->
