<?xml version="1.0" encoding="UTF-8"?>
<!-- Generated by org.testng.reporters.JUnitReportReporter -->
<testsuite hostname="PRO-CND1384QSX" failures="0" tests="4" name="testng.OrangeHRMTest" time="12.776" errors="0" timestamp="2025-02-28T16:24:44 IST" skipped="0">
  <testcase classname="testng.OrangeHRMTest" name="openapp" time="7.478"/>
  <testcase classname="testng.OrangeHRMTest" name="testLogo" time="3.062"/>
  <testcase classname="testng.OrangeHRMTest" name="loginHRM" time="1.820"/>
  <testcase classname="testng.OrangeHRMTest" name="CloseApp" time="0.416"/>
</testsuite> <!-- testng.OrangeHRMTest -->
