<?xml version="1.0" encoding="UTF-8"?>
<!-- Generated by org.testng.reporters.JUnitReportReporter -->
<testsuite hostname="PRO-CND1384QSX" failures="0" tests="2" name="testng.grouping.PaymentTests" time="0.000" errors="0" timestamp="2025-02-28T16:24:44 IST" skipped="0">
  <testcase classname="testng.grouping.PaymentTests" name="paymentinDollors" time="0.000"/>
  <testcase classname="testng.grouping.PaymentTests" name="paymentinRupees" time="0.000"/>
</testsuite> <!-- testng.grouping.PaymentTests -->
